<?xml version="1.0" encoding="UTF-8"?><testsuite failures="1" name="cucumber.runtime.formatter.JUnitFormatter" skipped="0" tests="1" time="4.25962">
<testcase classname="Get car insurance quote from AXA" name="Get the quote online" time="4.25962">
<failure message="org.openqa.selenium.WebDriverException: Element is obscured (WARNING: The server did not provide any stacktrace information)&#10;Command duration or timeout: 16 milliseconds&#10;Build info: version: 'unknown', revision: '1969d75', time: '2016-10-18 09:43:45 -0700'&#10;System info: host: 'Yemi-PC', ip: '192.168.1.6', os.name: 'Windows 10', os.arch: 'amd64', os.version: '10.0', java.version: '1.8.0_121'&#10;Driver info: org.openqa.selenium.edge.EdgeDriver&#10;Capabilities [{applicationCacheEnabled=true, acceptSslCerts=true, browserVersion=38.14393.0.0, platformVersion=10, locationContextEnabled=true, webStorageEnabled=true, browserName=MicrosoftEdge, takesScreenshot=true, pageLoadStrategy=normal, takesElementScreenshot=true, platformName=windows, platform=ANY}]&#10;Session ID: F6B05236-8C58-4B7C-B499-B752FCB7CEDA&#13;&#10;&#9;at sun.reflect.NativeConstructorAccessorImpl.newInstance0(Native Method)&#13;&#10;&#9;at sun.reflect.NativeConstructorAccessorImpl.newInstance(Unknown Source)&#13;&#10;&#9;at sun.reflect.DelegatingConstructorAccessorImpl.newInstance(Unknown Source)&#13;&#10;&#9;at java.lang.reflect.Constructor.newInstance(Unknown Source)&#13;&#10;&#9;at org.openqa.selenium.remote.ErrorHandler.createThrowable(ErrorHandler.java:216)&#13;&#10;&#9;at org.openqa.selenium.remote.ErrorHandler.throwIfResponseFailed(ErrorHandler.java:168)&#13;&#10;&#9;at org.openqa.selenium.remote.RemoteWebDriver.execute(RemoteWebDriver.java:635)&#13;&#10;&#9;at org.openqa.selenium.remote.RemoteWebElement.execute(RemoteWebElement.java:274)&#13;&#10;&#9;at org.openqa.selenium.remote.RemoteWebElement.click(RemoteWebElement.java:84)&#13;&#10;&#9;at cucumber.steps.GetQuoteSteps.i_enter_my_gender(GetQuoteSteps.java:107)&#13;&#10;&#9;at ✽.And i enter my gender(features/GetAQuote.feature:11)&#13;&#10;"><![CDATA[Given I navigate to Axa website.............................................passed
And Axa get quote section is displayed......................................passed
When I enter my name........................................................passed
And I enter date of birth...................................................passed
And i enter my gender.......................................................failed
And I enter email address...................................................skipped
And I enter my phone number.................................................skipped
And I select yes I know my eirocode.........................................skipped
And I enter my eircode......................................................skipped
And I click find address....................................................skipped
And I click the checkbox....................................................skipped
And I select type of household..............................................skipped
And I select employment status..............................................skipped
And I select occupation.....................................................skipped
And I click continue........................................................skipped
Then your car section is displayed..........................................skipped

StackTrace:
org.openqa.selenium.WebDriverException: Element is obscured (WARNING: The server did not provide any stacktrace information)
Command duration or timeout: 16 milliseconds
Build info: version: 'unknown', revision: '1969d75', time: '2016-10-18 09:43:45 -0700'
System info: host: 'Yemi-PC', ip: '192.168.1.6', os.name: 'Windows 10', os.arch: 'amd64', os.version: '10.0', java.version: '1.8.0_121'
Driver info: org.openqa.selenium.edge.EdgeDriver
Capabilities [{applicationCacheEnabled=true, acceptSslCerts=true, browserVersion=38.14393.0.0, platformVersion=10, locationContextEnabled=true, webStorageEnabled=true, browserName=MicrosoftEdge, takesScreenshot=true, pageLoadStrategy=normal, takesElementScreenshot=true, platformName=windows, platform=ANY}]
Session ID: F6B05236-8C58-4B7C-B499-B752FCB7CEDA
	at sun.reflect.NativeConstructorAccessorImpl.newInstance0(Native Method)
	at sun.reflect.NativeConstructorAccessorImpl.newInstance(Unknown Source)
	at sun.reflect.DelegatingConstructorAccessorImpl.newInstance(Unknown Source)
	at java.lang.reflect.Constructor.newInstance(Unknown Source)
	at org.openqa.selenium.remote.ErrorHandler.createThrowable(ErrorHandler.java:216)
	at org.openqa.selenium.remote.ErrorHandler.throwIfResponseFailed(ErrorHandler.java:168)
	at org.openqa.selenium.remote.RemoteWebDriver.execute(RemoteWebDriver.java:635)
	at org.openqa.selenium.remote.RemoteWebElement.execute(RemoteWebElement.java:274)
	at org.openqa.selenium.remote.RemoteWebElement.click(RemoteWebElement.java:84)
	at cucumber.steps.GetQuoteSteps.i_enter_my_gender(GetQuoteSteps.java:107)
	at ✽.And i enter my gender(features/GetAQuote.feature:11)
]]></failure>
</testcase>
</testsuite>
